<?xml version='1.0' encoding='UTF-8'?>
<testsuite hostname="Denims-MacBook-Pro.local" name="com.lightbend.akka.sample.DeviceSpec.DeviceSpec" tests="15" errors="0" failures="0" skipped="0" time="2.908">
                     <properties>
[...]
</properties>
                     <testcase classname="com.lightbend.akka.sample.DeviceSpec.DeviceSpec" name="Device should reply with empty reading if no temperature is known" time="0.035">
                                                 
                                               </testcase><testcase classname="com.lightbend.akka.sample.DeviceSpec.DeviceSpec" name="Device should reply with latest temperature reading" time="0.015">
                                                 
                                               </testcase><testcase classname="com.lightbend.akka.sample.DeviceSpec.DeviceSpec" name="Device should reply to registration requests" time="0.014">
                                                 
                                               </testcase><testcase classname="com.lightbend.akka.sample.DeviceSpec.DeviceSpec" name="Device should ignore wrong registration requests" time="1.02">
                                                 
                                               </testcase><testcase classname="com.lightbend.akka.sample.DeviceSpec.DeviceSpec" name="DeviceGroup should be able to register a device actor" time="0.023">
                                                 
                                               </testcase><testcase classname="com.lightbend.akka.sample.DeviceSpec.DeviceSpec" name="DeviceGroup should ignore requests for wrong groupId" time="0.515">
                                                 
                                               </testcase><testcase classname="com.lightbend.akka.sample.DeviceSpec.DeviceSpec" name="DeviceGroup should return same actor for same deviceId" time="0.014">
                                                 
                                               </testcase><testcase classname="com.lightbend.akka.sample.DeviceSpec.DeviceSpec" name="DeviceGroup should be able to list active devices" time="0.014">
                                                 
                                               </testcase><testcase classname="com.lightbend.akka.sample.DeviceSpec.DeviceSpec" name="DeviceGroup should be able to list active devices after one shuts down" time="0.024">
                                                 
                                               </testcase><testcase classname="com.lightbend.akka.sample.DeviceSpec.DeviceSpec" name="DeviceGroupQuery should return temperature value for working devices" time="0.042">
                                                 
                                               </testcase><testcase classname="com.lightbend.akka.sample.DeviceSpec.DeviceSpec" name="DeviceGroupQuery should return TemperatureNotAvailable for devices with no readings" time="0.04">
                                                 
                                               </testcase><testcase classname="com.lightbend.akka.sample.DeviceSpec.DeviceSpec" name="DeviceGroupQuery should return DeviceNotAvailable if device stops before answering" time="0.044">
                                                 
                                               </testcase><testcase classname="com.lightbend.akka.sample.DeviceSpec.DeviceSpec" name="DeviceGroupQuery should return temperature reading even if device stops after answering" time="0.039">
                                                 
                                               </testcase><testcase classname="com.lightbend.akka.sample.DeviceSpec.DeviceSpec" name="DeviceGroupQuery should return DeviceTimedOut if device does not answer in time" time="1.051">
                                                 
                                               </testcase><testcase classname="com.lightbend.akka.sample.DeviceSpec.DeviceSpec" name="DeviceGroup should be able to collect temperatures from all active devices" time="0.018">
                                                 
                                               </testcase>
                     <system-out></system-out>
                     <system-err></system-err>
                   </testsuite>